<?xml version="1.0" encoding="UTF-8"?>
<testsuite name="invadem.InvaderTest" tests="6" skipped="0" failures="0" errors="0" timestamp="2019-11-12T05:27:15" hostname="192-168-1-125.tpgi.com.au" time="0.001">
  <properties/>
  <testcase name="testInvaderBllood" classname="invadem.InvaderTest" time="0.0"/>
  <testcase name="testInvaderFire" classname="invadem.InvaderTest" time="0.0"/>
  <testcase name="testInvaderMove" classname="invadem.InvaderTest" time="0.0"/>
  <testcase name="testInvaderConstruction" classname="invadem.InvaderTest" time="0.0"/>
  <testcase name="testInvaderImage" classname="invadem.InvaderTest" time="0.0"/>
  <testcase name="testInvaderAttacked" classname="invadem.InvaderTest" time="0.0"/>
  <system-out><![CDATA[]]></system-out>
  <system-err><![CDATA[]]></system-err>
</testsuite>
