<?xml version="1.0" encoding="UTF-8"?>
<testsuite name="invadem.ProjectileTest" tests="7" skipped="0" failures="0" errors="0" timestamp="2019-11-12T05:27:15" hostname="192-168-1-125.tpgi.com.au" time="0.001">
  <properties/>
  <testcase name="testProjectileIsNotFriendly" classname="invadem.ProjectileTest" time="0.0"/>
  <testcase name="testProjectileConstruction" classname="invadem.ProjectileTest" time="0.0"/>
  <testcase name="testProjectileMove" classname="invadem.ProjectileTest" time="0.0"/>
  <testcase name="testProjectileIfRegular" classname="invadem.ProjectileTest" time="0.0"/>
  <testcase name="testProjectileIsFriendly" classname="invadem.ProjectileTest" time="0.001"/>
  <testcase name="testProjectileUnfriendlyMove" classname="invadem.ProjectileTest" time="0.0"/>
  <testcase name="testProjectileImage" classname="invadem.ProjectileTest" time="0.0"/>
  <system-out><![CDATA[]]></system-out>
  <system-err><![CDATA[]]></system-err>
</testsuite>
